0 info it worked if it ends with ok
1 verbose cli [ '/usr/bin/node', '/usr/bin/npm', 'install', '-g', 'localtunnel' ]
2 info using npm@1.4.28
3 info using node@v0.10.33
4 verbose node symlink /usr/bin/node
5 verbose cache add [ 'localtunnel', null ]
6 verbose cache add name=undefined spec="localtunnel" args=["localtunnel",null]
7 verbose parsed url { protocol: null,
7 verbose parsed url   slashes: null,
7 verbose parsed url   auth: null,
7 verbose parsed url   host: null,
7 verbose parsed url   port: null,
7 verbose parsed url   hostname: null,
7 verbose parsed url   hash: null,
7 verbose parsed url   search: null,
7 verbose parsed url   query: null,
7 verbose parsed url   pathname: 'localtunnel',
7 verbose parsed url   path: 'localtunnel',
7 verbose parsed url   href: 'localtunnel' }
8 silly lockFile a0661bc8-localtunnel localtunnel
9 verbose lock localtunnel /home/arthur/.npm/a0661bc8-localtunnel.lock
10 silly lockFile a0661bc8-localtunnel localtunnel
11 silly lockFile a0661bc8-localtunnel localtunnel
12 verbose addNamed [ 'localtunnel', '' ]
13 verbose addNamed [ null, '*' ]
14 silly lockFile c752cf78-localtunnel localtunnel@
15 verbose lock localtunnel@ /home/arthur/.npm/c752cf78-localtunnel.lock
16 silly addNameRange { name: 'localtunnel', range: '*', hasData: false }
17 verbose request where is /localtunnel
18 verbose request registry https://registry.npmjs.org/
19 verbose request id 7ba500a8d953dfcb
20 verbose url raw /localtunnel
21 verbose url resolving [ 'https://registry.npmjs.org/', './localtunnel' ]
22 verbose url resolved https://registry.npmjs.org/localtunnel
23 verbose request where is https://registry.npmjs.org/localtunnel
24 info trying registry request attempt 1 at 15:21:01
25 http GET https://registry.npmjs.org/localtunnel
26 http 200 https://registry.npmjs.org/localtunnel
27 silly registry.get cb [ 200,
27 silly registry.get   { date: 'Sun, 02 Nov 2014 14:21:01 GMT',
27 silly registry.get     server: 'CouchDB/1.5.0 (Erlang OTP/R16B03)',
27 silly registry.get     etag: '"RX0WOK712LJ8674E1SD3EZXF"',
27 silly registry.get     'content-type': 'application/json',
27 silly registry.get     'cache-control': 'max-age=60',
27 silly registry.get     'content-length': '21994',
27 silly registry.get     'accept-ranges': 'bytes',
27 silly registry.get     via: '1.1 varnish',
27 silly registry.get     age: '0',
27 silly registry.get     'x-served-by': 'cache-fra1227-FRA',
27 silly registry.get     'x-cache': 'HIT',
27 silly registry.get     'x-cache-hits': '1',
27 silly registry.get     'x-timer': 'S1414938061.274382,VS0,VE103',
27 silly registry.get     vary: 'Accept',
27 silly registry.get     'keep-alive': 'timeout=10, max=50',
27 silly registry.get     connection: 'Keep-Alive' } ]
28 silly addNameRange number 2 { name: 'localtunnel', range: '*', hasData: true }
29 silly addNameRange versions [ 'localtunnel',
29 silly addNameRange   [ '0.0.0',
29 silly addNameRange     '0.0.1',
29 silly addNameRange     '0.0.2',
29 silly addNameRange     '0.0.3',
29 silly addNameRange     '0.0.4',
29 silly addNameRange     '0.1.0',
29 silly addNameRange     '0.1.1',
29 silly addNameRange     '0.1.2',
29 silly addNameRange     '0.1.3',
29 silly addNameRange     '0.2.0',
29 silly addNameRange     '0.2.1',
29 silly addNameRange     '0.2.2',
29 silly addNameRange     '1.0.0',
29 silly addNameRange     '1.1.0',
29 silly addNameRange     '1.1.1',
29 silly addNameRange     '1.1.2',
29 silly addNameRange     '1.2.0',
29 silly addNameRange     '1.3.0',
29 silly addNameRange     '1.4.0',
29 silly addNameRange     '1.5.0' ] ]
30 verbose addNamed [ 'localtunnel', '1.5.0' ]
31 verbose addNamed [ '1.5.0', '1.5.0' ]
32 silly lockFile 75a53410-localtunnel-1-5-0 localtunnel@1.5.0
33 verbose lock localtunnel@1.5.0 /home/arthur/.npm/75a53410-localtunnel-1-5-0.lock
34 silly lockFile b343a5ae-ocaltunnel-localtunnel-1-5-0-tgz https://registry.npmjs.org/localtunnel/-/localtunnel-1.5.0.tgz
35 verbose lock https://registry.npmjs.org/localtunnel/-/localtunnel-1.5.0.tgz /home/arthur/.npm/b343a5ae-ocaltunnel-localtunnel-1-5-0-tgz.lock
36 verbose addRemoteTarball [ 'https://registry.npmjs.org/localtunnel/-/localtunnel-1.5.0.tgz',
36 verbose addRemoteTarball   '5be949779325e9f3273021a3f38d2e7a8dcd7c4f' ]
37 info retry fetch attempt 1 at 15:21:01
38 verbose fetch to= /tmp/npm-8059-ZwX-wHvT/registry.npmjs.org/localtunnel/-/localtunnel-1.5.0.tgz
39 http GET https://registry.npmjs.org/localtunnel/-/localtunnel-1.5.0.tgz
40 http 200 https://registry.npmjs.org/localtunnel/-/localtunnel-1.5.0.tgz
41 silly lockFile b343a5ae-ocaltunnel-localtunnel-1-5-0-tgz https://registry.npmjs.org/localtunnel/-/localtunnel-1.5.0.tgz
42 silly lockFile b343a5ae-ocaltunnel-localtunnel-1-5-0-tgz https://registry.npmjs.org/localtunnel/-/localtunnel-1.5.0.tgz
43 silly lockFile 75a53410-localtunnel-1-5-0 localtunnel@1.5.0
44 silly lockFile 75a53410-localtunnel-1-5-0 localtunnel@1.5.0
45 silly lockFile c752cf78-localtunnel localtunnel@
46 silly lockFile c752cf78-localtunnel localtunnel@
47 silly resolved [ { author: { name: 'Roman Shtylman', email: 'shtylman@gmail.com' },
47 silly resolved     name: 'localtunnel',
47 silly resolved     description: 'expose localhost to the world',
47 silly resolved     version: '1.5.0',
47 silly resolved     repository:
47 silly resolved      { type: 'git',
47 silly resolved        url: 'git://github.com/shtylman/localtunnel.git' },
47 silly resolved     dependencies: { request: '2.11.4', optimist: '0.3.4', debug: '0.7.4' },
47 silly resolved     devDependencies: { mocha: '~1.17.0' },
47 silly resolved     scripts: { test: 'mocha --ui qunit --reporter list --timeout 10000 -- test/index.js' },
47 silly resolved     bin: { lt: './bin/client' },
47 silly resolved     main: './client.js',
47 silly resolved     gitHead: 'a6845ec63bd4f485f3c45c4272eb38733448ee05',
47 silly resolved     bugs: { url: 'https://github.com/shtylman/localtunnel/issues' },
47 silly resolved     homepage: 'https://github.com/shtylman/localtunnel',
47 silly resolved     _id: 'localtunnel@1.5.0',
47 silly resolved     _shasum: '5be949779325e9f3273021a3f38d2e7a8dcd7c4f',
47 silly resolved     _from: 'localtunnel@',
47 silly resolved     _npmVersion: '1.4.23',
47 silly resolved     _npmUser: { name: 'shtylman', email: 'shtylman@gmail.com' },
47 silly resolved     maintainers: [ [Object] ],
47 silly resolved     dist:
47 silly resolved      { shasum: '5be949779325e9f3273021a3f38d2e7a8dcd7c4f',
47 silly resolved        tarball: 'http://registry.npmjs.org/localtunnel/-/localtunnel-1.5.0.tgz' },
47 silly resolved     directories: {},
47 silly resolved     _resolved: 'https://registry.npmjs.org/localtunnel/-/localtunnel-1.5.0.tgz' } ]
48 info install localtunnel@1.5.0 into /usr/lib
49 info installOne localtunnel@1.5.0
50 verbose lib/node_modules/localtunnel unbuild
51 verbose tar unpack /home/arthur/.npm/localtunnel/1.5.0/package.tgz
52 silly lockFile 9570da8e-usr-lib-node-modules-localtunnel tar:///usr/lib/node_modules/localtunnel
53 verbose lock tar:///usr/lib/node_modules/localtunnel /home/arthur/.npm/9570da8e-usr-lib-node-modules-localtunnel.lock
54 silly lockFile 191968ff-pm-localtunnel-1-5-0-package-tgz tar:///home/arthur/.npm/localtunnel/1.5.0/package.tgz
55 verbose lock tar:///home/arthur/.npm/localtunnel/1.5.0/package.tgz /home/arthur/.npm/191968ff-pm-localtunnel-1-5-0-package-tgz.lock
56 silly gunzTarPerm modes [ '775', '664' ]
57 error Error: EACCES, mkdir '/usr/lib/node_modules/localtunnel'
57 error  { [Error: EACCES, mkdir '/usr/lib/node_modules/localtunnel']
57 error   errno: 3,
57 error   code: 'EACCES',
57 error   path: '/usr/lib/node_modules/localtunnel',
57 error   fstream_type: 'Directory',
57 error   fstream_path: '/usr/lib/node_modules/localtunnel',
57 error   fstream_class: 'DirWriter',
57 error   fstream_stack:
57 error    [ '/usr/lib/node_modules/npm/node_modules/fstream/lib/dir-writer.js:36:23',
57 error      '/usr/lib/node_modules/npm/node_modules/mkdirp/index.js:46:53',
57 error      'Object.oncomplete (fs.js:107:15)' ] }
58 error Please try running this command again as root/Administrator.
59 error System Linux 3.13.0-39-generic
60 error command "/usr/bin/node" "/usr/bin/npm" "install" "-g" "localtunnel"
61 error cwd /home/arthur/Projects/Epya
62 error node -v v0.10.33
63 error npm -v 1.4.28
64 error path /usr/lib/node_modules/localtunnel
65 error fstream_path /usr/lib/node_modules/localtunnel
66 error fstream_type Directory
67 error fstream_class DirWriter
68 error code EACCES
69 error errno 3
70 error stack Error: EACCES, mkdir '/usr/lib/node_modules/localtunnel'
71 error fstream_stack /usr/lib/node_modules/npm/node_modules/fstream/lib/dir-writer.js:36:23
71 error fstream_stack /usr/lib/node_modules/npm/node_modules/mkdirp/index.js:46:53
71 error fstream_stack Object.oncomplete (fs.js:107:15)
72 verbose exit [ 3, true ]
